<?xml version="1.0" encoding="UTF-8"?>
<testng-results ignored="0" total="1" passed="1" failed="0" skipped="0">
  <reporter-output>
  </reporter-output>
  <suite started-at="2024-03-22T10:22:40 IST" name="Default suite" finished-at="2024-03-22T10:23:00 IST" duration-ms="20786">
    <groups>
    </groups>
    <test started-at="2024-03-22T10:22:40 IST" name="Default test" finished-at="2024-03-22T10:23:00 IST" duration-ms="20786">
      <class name="basic.OrganizationsTest">
        <test-method signature="createOrganizations()[pri:0, instance:basic.OrganizationsTest@5ae50ce6]" started-at="2024-03-22T10:22:40 IST" name="createOrganizations" finished-at="2024-03-22T10:23:00 IST" duration-ms="20734" status="PASS">
          <reporter-output>
          </reporter-output>
        </test-method> <!-- createOrganizations -->
      </class> <!-- basic.OrganizationsTest -->
    </test> <!-- Default test -->
  </suite> <!-- Default suite -->
</testng-results>
