<?xml version="1.0" encoding="UTF-8"?>
<testng-results ignored="0" total="1" passed="1" failed="0" skipped="0">
  <reporter-output>
  </reporter-output>
  <suite started-at="2024-03-23T09:48:44 IST" name="Default suite" finished-at="2024-03-23T09:49:14 IST" duration-ms="30200">
    <groups>
    </groups>
    <test started-at="2024-03-23T09:48:44 IST" name="Default test" finished-at="2024-03-23T09:49:14 IST" duration-ms="30200">
      <class name="basic.LeadsTest">
        <test-method signature="createLeads()[pri:0, instance:basic.LeadsTest@5ae50ce6]" started-at="2024-03-23T09:48:44 IST" name="createLeads" finished-at="2024-03-23T09:49:14 IST" duration-ms="30139" status="PASS">
          <reporter-output>
          </reporter-output>
        </test-method> <!-- createLeads -->
      </class> <!-- basic.LeadsTest -->
    </test> <!-- Default test -->
  </suite> <!-- Default suite -->
</testng-results>
